<?xml version="1.0" encoding="UTF-8"?>
<!-- Generated by org.testng.reporters.JUnitXMLReporter -->
<testsuite ignored="0" hostname="DESKTOP-CN5PLH3" failures="0" tests="19" name="Test" time="55.526" errors="0" timestamp="2026-08-19T16:10:46 IST">
  <testcase classname="Tests.GetAll_Test" name="Get_all_course_structures" time="2.716"/>
  <testcase classname="Tests.GetAll_Test" name="Get_all_institutions" time="0.716"/>
  <testcase classname="Tests.GetAll_Test" name="Get_all_institutions_Invalid" time="0.611"/>
  <testcase classname="Tests.GetAll_Test" name="Get_all_roles" time="2.173"/>
  <testcase classname="Tests.GetAll_Test" name="Health_check" time="0.376"/>
  <testcase classname="Tests.GetAll_Test" name="Login_invalid" time="4.565"/>
  <testcase classname="Tests.GetAll_Test" name="getRoleInvalidEndpoint" time="0.432"/>
  <testcase classname="Tests.GetAll_Test" name="getRoleWithInvalidAuthorization" time="0.775"/>
  <testcase classname="Tests.CreateNodes_Test" name="Get_all_Notes_Query" time="2.622"/>
  <testcase classname="Tests.CreateNodes_Test" name="Get_all_Notes_Query_remaining" time="3.084"/>
  <testcase classname="Tests.CreateNodes_Test" name="createNote" time="2.751"/>
  <testcase classname="Tests.CreateNodes_Test" name="Get_Note_ID" time="3.211"/>
  <testcase classname="Tests.CreateNodes_Test" name="createNoteWithoutTitle" time="3.254"/>
  <testcase classname="Tests.CreateNodes_Test" name="deleteNote_InvalidId" time="1.96"/>
  <testcase classname="Tests.CreateNodes_Test" name="updateNote" time="2.091"/>
  <testcase classname="Tests.CreateNodes_Test" name="togglePinNote" time="3.919"/>
  <testcase classname="Tests.CreateNodes_Test" name="deleteNote" time="3.304"/>
  <testcase classname="Tests.CreateNodes_Test" name="Get_all_Notes" time="1.767"/>
  <testcase classname="Tests.WithoutToken" name="withoutToken" time="0.384"/>
</testsuite> <!-- Test -->
