<?xml version="1.0" encoding="UTF-8"?>
<!-- Generated by org.testng.reporters.JUnitXMLReporter -->
<testsuite ignored="0" hostname="DESKTOP-CN5PLH3" failures="1" tests="14" name="Test" time="60.371" errors="0" timestamp="2026-08-18T17:13:23 IST">
  <testcase classname="Tests.GetAll_Test" name="Get_all_course_structures" time="2.782">
    <failure type="java.lang.AssertionError" message="expected [true] but found [false]">
      <![CDATA[java.lang.AssertionError: expected [true] but found [false]
at Tests.GetAll_Test.Get_all_course_structures(GetAll_Test.java:111)
at java.base/java.util.ArrayList.forEach(ArrayList.java:1511)
... Removed 31 stack frames]]>
    </failure>
  </testcase> <!-- Get_all_course_structures -->
  <testcase classname="Tests.GetAll_Test" name="Get_all_institutions" time="0.937"/>
  <testcase classname="Tests.GetAll_Test" name="Get_all_roles" time="2.178"/>
  <testcase classname="Tests.GetAll_Test" name="Health_check" time="1.732"/>
  <testcase classname="Tests.GetAll_Test" name="Login_invalid" time="4.999"/>
  <testcase classname="Tests.CreateNodes_Test" name="Get_all_Notes_Query" time="2.732"/>
  <testcase classname="Tests.CreateNodes_Test" name="Get_all_Notes_Query_remaining" time="3.02"/>
  <testcase classname="Tests.CreateNodes_Test" name="createNote" time="2.731"/>
  <testcase classname="Tests.CreateNodes_Test" name="Get_Note_ID" time="3.034"/>
  <testcase classname="Tests.CreateNodes_Test" name="updateNote" time="2.516"/>
  <testcase classname="Tests.CreateNodes_Test" name="togglePinNote" time="3.577"/>
  <testcase classname="Tests.CreateNodes_Test" name="deleteNote" time="3.501"/>
  <testcase classname="Tests.CreateNodes_Test" name="Get_all_Notes" time="2.114"/>
  <testcase classname="Tests.WithoutToken" name="withoutToken" time="0.869"/>
</testsuite> <!-- Test -->
