<?xml version="1.0" encoding="UTF-8"?>
<!-- Generated by org.testng.reporters.JUnitXMLReporter -->
<testsuite ignored="0" hostname="DESKTOP-CN5PLH3" failures="2" tests="9" name="Test" time="2.715" errors="0" timestamp="2026-06-16T17:10:20 IST">
  <testcase classname="com.Tests.LoginTest" name="login" time="1.987"/>
  <testcase classname="com.Tests.GetTrainee_Test" name="GetTrainee" time="0.466"/>
  <testcase classname="com.Tests.CreateTrainee_Test" name="createTrainee" time="0.038">
    <failure type="java.lang.AssertionError" message="expected [Sarvesh] but found [abinaya]">
      <![CDATA[java.lang.AssertionError: expected [Sarvesh] but found [abinaya]
at com.Tests.CreateTrainee_Test.createTrainee(CreateTrainee_Test.java:33)
at java.base/java.util.ArrayList.forEach(ArrayList.java:1596)
... Removed 31 stack frames]]>
    </failure>
  </testcase> <!-- createTrainee -->
  <testcase classname="com.Tests.UpdateTrainee_Partial_Test" name="UpdateTrainee" time="0.043"/>
  <testcase classname="com.Tests.UpdateTrainee_Test" name="UpdateTrainee" time="0.039"/>
  <testcase classname="com.Tests.DeleteTrainee_Test" name="delete_Trainee" time="0.022">
    <failure type="java.lang.AssertionError" message="expected [200] but found [404]">
      <![CDATA[java.lang.AssertionError: expected [200] but found [404]
at com.Tests.DeleteTrainee_Test.delete_Trainee(DeleteTrainee_Test.java:17)
at java.base/java.util.ArrayList.forEach(ArrayList.java:1596)
... Removed 32 stack frames]]>
    </failure>
  </testcase> <!-- delete_Trainee -->
  <testcase classname="com.Tests.InvalidTrainee_Test" name="invalidTrainee" time="0.018"/>
  <testcase classname="com.Tests.InvalidLogin_Test" name="invalid_Login" time="0.022"/>
  <testcase classname="com.Tests.Options_Test" name="options_method" time="0.014"/>
</testsuite> <!-- Test -->
