<?xml version="1.0" encoding="UTF-8"?>
<!-- Generated by org.testng.reporters.JUnitXMLReporter -->
<testsuite ignored="5" hostname="DESKTOP-CN5PLH3" failures="0" tests="1" name="Default test" time="8.664" errors="0" timestamp="2026-06-18T08:00:17 IST">
  <testcase classname="Tests.GetAll_Test" name="Get_all_course_structures" time="8.374"/>
  <testcase classname="Tests.GetAll_Test" name="Get_all_institutions" time="0.0">
    <ignored/>
  </testcase> <!-- Get_all_institutions -->
  <testcase classname="Tests.GetAll_Test" name="Login_invalid" time="0.0">
    <ignored/>
  </testcase> <!-- Login_invalid -->
  <testcase classname="Tests.Login_Test" name="Login_valid" time="0.0">
    <ignored/>
  </testcase> <!-- Login_valid -->
  <testcase classname="Tests.GetAll_Test" name="Get_all_roles" time="0.0">
    <ignored/>
  </testcase> <!-- Get_all_roles -->
  <testcase classname="Tests.GetAll_Test" name="Health_check" time="0.0">
    <ignored/>
  </testcase> <!-- Health_check -->
</testsuite> <!-- Default test -->
