<?xml version="1.0" encoding="UTF-8"?>
<!-- Generated by org.testng.reporters.JUnitXMLReporter -->
<testsuite ignored="4" hostname="DESKTOP-CN5PLH3" failures="0" tests="1" name="Default test" time="98.979" errors="0" timestamp="2026-08-18T18:46:20 IST">
  <testcase classname="Tests.GetAll_Test" name="Get_all_roles" time="2.789"/>
  <testcase classname="Tests.GetAll_Test" name="Get_all_institutions" time="0.0">
    <ignored/>
  </testcase> <!-- Get_all_institutions -->
  <testcase classname="Tests.GetAll_Test" name="Get_all_course_structures" time="0.0">
    <ignored/>
  </testcase> <!-- Get_all_course_structures -->
  <testcase classname="Tests.GetAll_Test" name="Health_check" time="0.0">
    <ignored/>
  </testcase> <!-- Health_check -->
  <testcase classname="Tests.GetAll_Test" name="Login_invalid" time="0.0">
    <ignored/>
  </testcase> <!-- Login_invalid -->
</testsuite> <!-- Default test -->
