<?xml version="1.0" encoding="UTF-8"?>
<testng-results ignored="0" total="1" passed="1" failed="0" skipped="0">
  <reporter-output>
  </reporter-output>
  <suite started-at="2026-06-15T21:58:29 IST" name="Default suite" finished-at="2026-06-15T21:58:45 IST" duration-ms="16237">
    <groups>
    </groups>
    <test started-at="2026-06-15T21:58:29 IST" name="Default test" finished-at="2026-06-15T21:58:45 IST" duration-ms="16237">
      <class name="com.Tests.Post_Test">
        <test-method signature="PostMethod()[pri:0, instance:com.Tests.Post_Test@73a1e9a9]" started-at="2026-06-15T21:58:29 IST" name="PostMethod" finished-at="2026-06-15T21:58:45 IST" duration-ms="16078" status="PASS">
          <reporter-output>
          </reporter-output>
        </test-method> <!-- PostMethod -->
      </class> <!-- com.Tests.Post_Test -->
    </test> <!-- Default test -->
  </suite> <!-- Default suite -->
</testng-results>
