<?xml version="1.0" encoding="UTF-8"?>
<!-- Generated by org.testng.reporters.JUnitReportReporter -->
<testsuite hostname="DESKTOP-CN5PLH3" failures="0" tests="5" name="Tests.GetAll_Test" time="11.442" errors="0" timestamp="2026-06-20T22:46:19 IST" skipped="0">
  <testcase classname="Tests.GetAll_Test" name="Health_check" time="1.999"/>
  <testcase classname="Tests.GetAll_Test" name="Get_all_institutions" time="0.733"/>
  <testcase classname="Tests.GetAll_Test" name="Get_all_roles" time="2.396"/>
  <testcase classname="Tests.GetAll_Test" name="Get_all_course_structures" time="2.598"/>
  <testcase classname="Tests.GetAll_Test" name="Login_invalid" time="3.716"/>
</testsuite> <!-- Tests.GetAll_Test -->
