<?xml version="1.0" encoding="UTF-8"?>
<!-- Generated by org.testng.reporters.JUnitReportReporter -->
<testsuite hostname="DESKTOP-CN5PLH3" failures="0" tests="10" name="Tests.CreateNodes_Test" time="27.963" errors="0" timestamp="2026-08-19T16:10:46 IST" skipped="0">
  <testcase classname="Tests.CreateNodes_Test" name="Get_Note_ID" time="3.211"/>
  <testcase classname="Tests.CreateNodes_Test" name="Get_all_Notes" time="1.767"/>
  <testcase classname="Tests.CreateNodes_Test" name="deleteNote_InvalidId" time="1.960"/>
  <testcase classname="Tests.CreateNodes_Test" name="updateNote" time="2.091"/>
  <testcase classname="Tests.CreateNodes_Test" name="deleteNote" time="3.304"/>
  <testcase classname="Tests.CreateNodes_Test" name="createNoteWithoutTitle" time="3.254"/>
  <testcase classname="Tests.CreateNodes_Test" name="createNote" time="2.751"/>
  <testcase classname="Tests.CreateNodes_Test" name="Get_all_Notes_Query" time="2.622"/>
  <testcase classname="Tests.CreateNodes_Test" name="Get_all_Notes_Query_remaining" time="3.084"/>
  <testcase classname="Tests.CreateNodes_Test" name="togglePinNote" time="3.919"/>
</testsuite> <!-- Tests.CreateNodes_Test -->
