<?xml version="1.0" encoding="UTF-8"?>
<!-- Generated by org.testng.reporters.JUnitReportReporter -->
<testsuite hostname="DESKTOP-CN5PLH3" failures="0" tests="4" name="Tests.CreateNodes_Test" time="8.428" errors="0" timestamp="2026-06-21T17:47:44 IST" skipped="0">
  <testcase classname="Tests.CreateNodes_Test" name="togglePinNote" time="2.341"/>
  <testcase classname="Tests.CreateNodes_Test" name="updateNote" time="2.201"/>
  <testcase classname="Tests.CreateNodes_Test" name="deleteNote" time="1.796"/>
  <testcase classname="Tests.CreateNodes_Test" name="createNote" time="2.090"/>
</testsuite> <!-- Tests.CreateNodes_Test -->
