<?xml version="1.0" encoding="UTF-8"?>
<!-- Generated by org.testng.reporters.JUnitReportReporter -->
<testsuite hostname="DESKTOP-CN5PLH3" failures="0" tests="5" name="Tests.GetAll_Test" time="10.164" errors="0" timestamp="2026-06-21T19:03:56 IST" skipped="0">
  <testcase classname="Tests.GetAll_Test" name="Get_all_institutions" time="0.702"/>
  <testcase classname="Tests.GetAll_Test" name="Login_invalid" time="4.436"/>
  <testcase classname="Tests.GetAll_Test" name="Health_check" time="0.830"/>
  <testcase classname="Tests.GetAll_Test" name="Get_all_roles" time="1.615"/>
  <testcase classname="Tests.GetAll_Test" name="Get_all_course_structures" time="2.581"/>
</testsuite> <!-- Tests.GetAll_Test -->
