<?xml version="1.0" encoding="UTF-8"?>
<testng-results ignored="0" total="1" passed="1" failed="0" skipped="0">
  <reporter-output>
  </reporter-output>
  <suite started-at="2026-06-16T19:40:52 IST" name="Default suite" finished-at="2026-06-16T19:40:58 IST" duration-ms="5872">
    <groups>
    </groups>
    <test started-at="2026-06-16T19:40:52 IST" name="Default test" finished-at="2026-06-16T19:40:58 IST" duration-ms="5872">
      <class name="com.Tests.CreateTrainee_Test">
        <test-method signature="createTrainee()[pri:0, instance:com.Tests.CreateTrainee_Test@73a1e9a9]" started-at="2026-06-16T19:40:52 IST" name="createTrainee" finished-at="2026-06-16T19:40:58 IST" duration-ms="5700" status="PASS">
          <reporter-output>
          </reporter-output>
        </test-method> <!-- createTrainee -->
      </class> <!-- com.Tests.CreateTrainee_Test -->
    </test> <!-- Default test -->
  </suite> <!-- Default suite -->
</testng-results>
