<?xml version="1.0" encoding="UTF-8"?>
<testng-results ignored="0" total="9" passed="7" failed="2" skipped="0">
  <reporter-output>
  </reporter-output>
  <suite started-at="2026-06-16T17:10:17 IST" name="Suite" finished-at="2026-06-16T17:10:20 IST" duration-ms="2715">
    <groups>
    </groups>
    <test started-at="2026-06-16T17:10:17 IST" name="Test" finished-at="2026-06-16T17:10:20 IST" duration-ms="2715">
      <class name="com.Tests.GetTrainee_Test">
        <test-method signature="GetTrainee()[pri:0, instance:com.Tests.GetTrainee_Test@5e0e82ae]" started-at="2026-06-16T17:10:19 IST" name="GetTrainee" finished-at="2026-06-16T17:10:20 IST" duration-ms="466" status="PASS">
          <reporter-output>
          </reporter-output>
        </test-method> <!-- GetTrainee -->
      </class> <!-- com.Tests.GetTrainee_Test -->
      <class name="com.Tests.Options_Test">
        <test-method signature="options_method()[pri:0, instance:com.Tests.Options_Test@28701274]" started-at="2026-06-16T17:10:20 IST" name="options_method" finished-at="2026-06-16T17:10:20 IST" duration-ms="14" status="PASS">
          <reporter-output>
          </reporter-output>
        </test-method> <!-- options_method -->
      </class> <!-- com.Tests.Options_Test -->
      <class name="com.Tests.InvalidTrainee_Test">
        <test-method signature="invalidTrainee()[pri:0, instance:com.Tests.InvalidTrainee_Test@2b71e916]" started-at="2026-06-16T17:10:20 IST" name="invalidTrainee" finished-at="2026-06-16T17:10:20 IST" duration-ms="18" status="PASS">
          <reporter-output>
          </reporter-output>
        </test-method> <!-- invalidTrainee -->
      </class> <!-- com.Tests.InvalidTrainee_Test -->
      <class name="com.Tests.CreateTrainee_Test">
        <test-method signature="createTrainee()[pri:0, instance:com.Tests.CreateTrainee_Test@6771beb3]" started-at="2026-06-16T17:10:20 IST" name="createTrainee" finished-at="2026-06-16T17:10:20 IST" duration-ms="38" status="FAIL">
          <exception class="java.lang.AssertionError">
            <message>
              <![CDATA[expected [Sarvesh] but found [abinaya]]]>
            </message>
            <full-stacktrace>
              <![CDATA[java.lang.AssertionError: expected [Sarvesh] but found [abinaya]
at org.testng.Assert.fail(Assert.java:111)
at org.testng.Assert.failNotEquals(Assert.java:1590)
at org.testng.Assert.assertEqualsImpl(Assert.java:150)
at org.testng.Assert.assertEquals(Assert.java:132)
at org.testng.Assert.assertEquals(Assert.java:656)
at org.testng.Assert.assertEquals(Assert.java:666)
at com.Tests.CreateTrainee_Test.createTrainee(CreateTrainee_Test.java:33)
at java.base/jdk.internal.reflect.DirectMethodHandleAccessor.invoke(DirectMethodHandleAccessor.java:103)
at java.base/java.lang.reflect.Method.invoke(Method.java:580)
at org.testng.internal.invokers.MethodInvocationHelper.invokeMethod(MethodInvocationHelper.java:141)
at org.testng.internal.invokers.TestInvoker.invokeMethod(TestInvoker.java:697)
at org.testng.internal.invokers.TestInvoker.invokeTestMethod(TestInvoker.java:230)
at org.testng.internal.invokers.MethodRunner.runInSequence(MethodRunner.java:63)
at org.testng.internal.invokers.TestInvoker$MethodInvocationAgent.invoke(TestInvoker.java:1005)
at org.testng.internal.invokers.TestInvoker.invokeTestMethods(TestInvoker.java:203)
at org.testng.internal.invokers.TestMethodWorker.invokeTestMethods(TestMethodWorker.java:154)
at org.testng.internal.invokers.TestMethodWorker.run(TestMethodWorker.java:134)
at java.base/java.util.ArrayList.forEach(ArrayList.java:1596)
at org.testng.TestRunner.privateRun(TestRunner.java:744)
at org.testng.TestRunner.run(TestRunner.java:616)
at org.testng.SuiteRunner.runTest(SuiteRunner.java:421)
at org.testng.SuiteRunner.runSequentially(SuiteRunner.java:413)
at org.testng.SuiteRunner.privateRun(SuiteRunner.java:373)
at org.testng.SuiteRunner.run(SuiteRunner.java:312)
at org.testng.SuiteRunnerWorker.runSuite(SuiteRunnerWorker.java:52)
at org.testng.SuiteRunnerWorker.run(SuiteRunnerWorker.java:95)
at org.testng.TestNG.runSuitesSequentially(TestNG.java:1274)
at org.testng.TestNG.runSuitesLocally(TestNG.java:1208)
at org.testng.TestNG.runSuites(TestNG.java:1112)
at org.testng.TestNG.run(TestNG.java:1079)
at org.testng.remote.AbstractRemoteTestNG.run(AbstractRemoteTestNG.java:115)
at org.testng.remote.RemoteTestNG.initAndRun(RemoteTestNG.java:293)
at org.testng.remote.RemoteTestNG.main(RemoteTestNG.java:91)
]]>
            </full-stacktrace>
          </exception> <!-- java.lang.AssertionError -->
          <reporter-output>
          </reporter-output>
        </test-method> <!-- createTrainee -->
      </class> <!-- com.Tests.CreateTrainee_Test -->
      <class name="com.Tests.InvalidLogin_Test">
        <test-method signature="invalid_Login()[pri:0, instance:com.Tests.InvalidLogin_Test@36fc695d]" started-at="2026-06-16T17:10:20 IST" name="invalid_Login" finished-at="2026-06-16T17:10:20 IST" duration-ms="22" status="PASS">
          <reporter-output>
          </reporter-output>
        </test-method> <!-- invalid_Login -->
      </class> <!-- com.Tests.InvalidLogin_Test -->
      <class name="com.Tests.DeleteTrainee_Test">
        <test-method signature="delete_Trainee()[pri:0, instance:com.Tests.DeleteTrainee_Test@411f53a0]" started-at="2026-06-16T17:10:20 IST" name="delete_Trainee" finished-at="2026-06-16T17:10:20 IST" duration-ms="22" status="FAIL">
          <exception class="java.lang.AssertionError">
            <message>
              <![CDATA[expected [200] but found [404]]]>
            </message>
            <full-stacktrace>
              <![CDATA[java.lang.AssertionError: expected [200] but found [404]
at org.testng.Assert.fail(Assert.java:111)
at org.testng.Assert.failNotEquals(Assert.java:1590)
at org.testng.Assert.assertEqualsImpl(Assert.java:150)
at org.testng.Assert.assertEquals(Assert.java:132)
at org.testng.Assert.assertEquals(Assert.java:1431)
at org.testng.Assert.assertEquals(Assert.java:1395)
at org.testng.Assert.assertEquals(Assert.java:1441)
at com.Tests.DeleteTrainee_Test.delete_Trainee(DeleteTrainee_Test.java:17)
at java.base/jdk.internal.reflect.DirectMethodHandleAccessor.invoke(DirectMethodHandleAccessor.java:103)
at java.base/java.lang.reflect.Method.invoke(Method.java:580)
at org.testng.internal.invokers.MethodInvocationHelper.invokeMethod(MethodInvocationHelper.java:141)
at org.testng.internal.invokers.TestInvoker.invokeMethod(TestInvoker.java:697)
at org.testng.internal.invokers.TestInvoker.invokeTestMethod(TestInvoker.java:230)
at org.testng.internal.invokers.MethodRunner.runInSequence(MethodRunner.java:63)
at org.testng.internal.invokers.TestInvoker$MethodInvocationAgent.invoke(TestInvoker.java:1005)
at org.testng.internal.invokers.TestInvoker.invokeTestMethods(TestInvoker.java:203)
at org.testng.internal.invokers.TestMethodWorker.invokeTestMethods(TestMethodWorker.java:154)
at org.testng.internal.invokers.TestMethodWorker.run(TestMethodWorker.java:134)
at java.base/java.util.ArrayList.forEach(ArrayList.java:1596)
at org.testng.TestRunner.privateRun(TestRunner.java:744)
at org.testng.TestRunner.run(TestRunner.java:616)
at org.testng.SuiteRunner.runTest(SuiteRunner.java:421)
at org.testng.SuiteRunner.runSequentially(SuiteRunner.java:413)
at org.testng.SuiteRunner.privateRun(SuiteRunner.java:373)
at org.testng.SuiteRunner.run(SuiteRunner.java:312)
at org.testng.SuiteRunnerWorker.runSuite(SuiteRunnerWorker.java:52)
at org.testng.SuiteRunnerWorker.run(SuiteRunnerWorker.java:95)
at org.testng.TestNG.runSuitesSequentially(TestNG.java:1274)
at org.testng.TestNG.runSuitesLocally(TestNG.java:1208)
at org.testng.TestNG.runSuites(TestNG.java:1112)
at org.testng.TestNG.run(TestNG.java:1079)
at org.testng.remote.AbstractRemoteTestNG.run(AbstractRemoteTestNG.java:115)
at org.testng.remote.RemoteTestNG.initAndRun(RemoteTestNG.java:293)
at org.testng.remote.RemoteTestNG.main(RemoteTestNG.java:91)
]]>
            </full-stacktrace>
          </exception> <!-- java.lang.AssertionError -->
          <reporter-output>
          </reporter-output>
        </test-method> <!-- delete_Trainee -->
      </class> <!-- com.Tests.DeleteTrainee_Test -->
      <class name="com.Tests.LoginTest">
        <test-method signature="login()[pri:0, instance:com.Tests.LoginTest@639c2c1d]" started-at="2026-06-16T17:10:17 IST" name="login" finished-at="2026-06-16T17:10:19 IST" duration-ms="1987" status="PASS">
          <reporter-output>
          </reporter-output>
        </test-method> <!-- login -->
      </class> <!-- com.Tests.LoginTest -->
      <class name="com.Tests.UpdateTrainee_Test">
        <test-method signature="UpdateTrainee()[pri:0, instance:com.Tests.UpdateTrainee_Test@6b2ea799]" started-at="2026-06-16T17:10:20 IST" name="UpdateTrainee" finished-at="2026-06-16T17:10:20 IST" duration-ms="39" status="PASS">
          <reporter-output>
          </reporter-output>
        </test-method> <!-- UpdateTrainee -->
      </class> <!-- com.Tests.UpdateTrainee_Test -->
      <class name="com.Tests.UpdateTrainee_Partial_Test">
        <test-method signature="UpdateTrainee()[pri:0, instance:com.Tests.UpdateTrainee_Partial_Test@51399530]" started-at="2026-06-16T17:10:20 IST" name="UpdateTrainee" finished-at="2026-06-16T17:10:20 IST" duration-ms="43" status="PASS">
          <reporter-output>
          </reporter-output>
        </test-method> <!-- UpdateTrainee -->
      </class> <!-- com.Tests.UpdateTrainee_Partial_Test -->
    </test> <!-- Test -->
  </suite> <!-- Suite -->
</testng-results>
